[2025-06-16T18:32:49.771+0000] {local_task_job_runner.py:123} INFO - ::group::Pre task execution logs
[2025-06-16T18:32:49.786+0000] {taskinstance.py:2614} INFO - Dependencies all met for dep_context=non-requeueable deps ti=<TaskInstance: data_quality_dag.extract_load_data_quality manual__2025-06-16T18:32:48.983907+00:00 [queued]>
[2025-06-16T18:32:49.792+0000] {taskinstance.py:2614} INFO - Dependencies all met for dep_context=requeueable deps ti=<TaskInstance: data_quality_dag.extract_load_data_quality manual__2025-06-16T18:32:48.983907+00:00 [queued]>
[2025-06-16T18:32:49.792+0000] {taskinstance.py:2867} INFO - Starting attempt 1 of 2
[2025-06-16T18:32:49.804+0000] {taskinstance.py:2890} INFO - Executing <Task(PythonOperator): extract_load_data_quality> on 2025-06-16 18:32:48.983907+00:00
[2025-06-16T18:32:49.810+0000] {warnings.py:112} WARNING - /home/***/.local/lib/python3.12/site-packages/***/task/task_runner/standard_task_runner.py:70: DeprecationWarning: This process (pid=952) is multi-threaded, use of fork() may lead to deadlocks in the child.
  pid = os.fork()

[2025-06-16T18:32:49.812+0000] {standard_task_runner.py:72} INFO - Started process 953 to run task
[2025-06-16T18:32:49.812+0000] {standard_task_runner.py:104} INFO - Running: ['***', 'tasks', 'run', 'data_quality_dag', 'extract_load_data_quality', 'manual__2025-06-16T18:32:48.983907+00:00', '--job-id', '78', '--raw', '--subdir', 'DAGS_FOLDER/data_quality_dag.py', '--cfg-path', '/tmp/tmpr3jmi_mq']
[2025-06-16T18:32:49.813+0000] {standard_task_runner.py:105} INFO - Job 78: Subtask extract_load_data_quality
[2025-06-16T18:32:49.865+0000] {task_command.py:467} INFO - Running <TaskInstance: data_quality_dag.extract_load_data_quality manual__2025-06-16T18:32:48.983907+00:00 [running]> on host 19a85dc332e9
[2025-06-16T18:32:49.930+0000] {taskinstance.py:3134} INFO - Exporting env vars: AIRFLOW_CTX_DAG_OWNER='***' AIRFLOW_CTX_DAG_ID='data_quality_dag' AIRFLOW_CTX_TASK_ID='extract_load_data_quality' AIRFLOW_CTX_EXECUTION_DATE='2025-06-16T18:32:48.983907+00:00' AIRFLOW_CTX_TRY_NUMBER='1' AIRFLOW_CTX_DAG_RUN_ID='manual__2025-06-16T18:32:48.983907+00:00'
[2025-06-16T18:32:49.933+0000] {taskinstance.py:732} INFO - ::endgroup::
[2025-06-16T18:32:49.946+0000] {crypto.py:82} WARNING - empty cryptography key - values will not be stored encrypted.
[2025-06-16T18:32:49.947+0000] {base.py:84} INFO - Retrieving connection 'dwh_***'
[2025-06-16T18:32:49.951+0000] {sql.py:511} INFO - Running statement: 
select 'diplom.sales' "table", 'Полнота' criteria, 
	'Заполнение поля "product_id" должно быть обязательным' "rule",
	100.0 goal,
	s_product_id_fullness*1.0 fact 
from(
	select
	(1- ((select count(*) from diplom.sales where product_id is null) 
		/ (select count(*) from diplom.sales))) * 100 s_product_id_fullness
) s_product_id_fullness

union

select 'diplom.sales' "table", 'Уникальность' criteria, 
	'Поле "invoice_id" должно быть уникальным' "rule",
	100.0 goal,
	s_invoice_id_unique*1.0 fact
from(
	select(
		(select sum(count)
		from(
			select invoice_id,  count(invoice_id) from diplom.sales group by invoice_id having count(invoice_id) = 1
			) id_1_count
		)
		/ 
		(select count(*) from diplom.sales)
	) * 100 s_invoice_id_unique
) s_invoice_id_unique

union

select 'diplom.sales' "table", 'Валидность' criteria, 
	'Значение в поле "rating" не должно быть больше 10' "rule",
	100.0 goal,
	s_rating_valid*1.0 fact 
from(
	select
	(1- ((select count(*) from diplom.sales where rating > 10) 
		/ (select count(*) from diplom.sales))) * 100 s_rating_valid
) s_rating_valid

, parameters: None
[2025-06-16T18:32:49.955+0000] {sql.py:520} INFO - Rows affected: 3
[2025-06-16T18:32:49.956+0000] {warnings.py:112} WARNING - /home/***/.local/lib/python3.12/site-packages/***/providers/common/sql/hooks/sql.py:470: DeprecationWarning: Import of fetch_all_handler from the '***.providers.common.sql.hooks' module is deprecated and will
be removed in the future. Please import it from '***.providers.common.sql.hooks.handlers'.
  result = self._make_common_data_structure(handler(cur))

[2025-06-16T18:32:49.957+0000] {warnings.py:112} WARNING - /home/***/.local/lib/python3.12/site-packages/***/providers/common/sql/hooks/sql.py:471: DeprecationWarning: Import of return_single_query_results from the '***.providers.common.sql.hooks' module is deprecated and will
be removed in the future. Please import it from '***.providers.common.sql.hooks.handlers'.
  if return_single_query_results(sql, return_last, split_statements):

[2025-06-16T18:32:49.958+0000] {warnings.py:112} WARNING - /home/***/.local/lib/python3.12/site-packages/***/providers/common/sql/hooks/sql.py:486: DeprecationWarning: Import of return_single_query_results from the '***.providers.common.sql.hooks' module is deprecated and will
be removed in the future. Please import it from '***.providers.common.sql.hooks.handlers'.
  if return_single_query_results(sql, return_last, split_statements):

[2025-06-16T18:32:49.974+0000] {python.py:240} INFO - Done. Returned value was: None
[2025-06-16T18:32:49.985+0000] {taskinstance.py:341} INFO - ::group::Post task execution logs
[2025-06-16T18:32:49.986+0000] {taskinstance.py:353} INFO - Marking task as SUCCESS. dag_id=data_quality_dag, task_id=extract_load_data_quality, run_id=manual__2025-06-16T18:32:48.983907+00:00, execution_date=20250616T183248, start_date=20250616T183249, end_date=20250616T183249
[2025-06-16T18:32:50.026+0000] {local_task_job_runner.py:266} INFO - Task exited with return code 0
[2025-06-16T18:32:50.042+0000] {taskinstance.py:3901} INFO - 0 downstream tasks scheduled from follow-on schedule check
[2025-06-16T18:32:50.044+0000] {local_task_job_runner.py:245} INFO - ::endgroup::
