[2025-06-16T17:33:09.226+0000] {local_task_job_runner.py:123} INFO - ::group::Pre task execution logs
[2025-06-16T17:33:09.241+0000] {taskinstance.py:2614} INFO - Dependencies all met for dep_context=non-requeueable deps ti=<TaskInstance: pg_to_clickhouse_sales_mart.extract_load_sales_mart scheduled__2025-06-15T00:00:00+00:00 [queued]>
[2025-06-16T17:33:09.247+0000] {taskinstance.py:2614} INFO - Dependencies all met for dep_context=requeueable deps ti=<TaskInstance: pg_to_clickhouse_sales_mart.extract_load_sales_mart scheduled__2025-06-15T00:00:00+00:00 [queued]>
[2025-06-16T17:33:09.248+0000] {taskinstance.py:2867} INFO - Starting attempt 2 of 2
[2025-06-16T17:33:09.260+0000] {taskinstance.py:2890} INFO - Executing <Task(PythonOperator): extract_load_sales_mart> on 2025-06-15 00:00:00+00:00
[2025-06-16T17:33:09.266+0000] {warnings.py:112} WARNING - /home/***/.local/lib/python3.12/site-packages/***/task/task_runner/standard_task_runner.py:70: DeprecationWarning: This process (pid=154) is multi-threaded, use of fork() may lead to deadlocks in the child.
  pid = os.fork()

[2025-06-16T17:33:09.268+0000] {standard_task_runner.py:72} INFO - Started process 155 to run task
[2025-06-16T17:33:09.268+0000] {standard_task_runner.py:104} INFO - Running: ['***', 'tasks', 'run', 'pg_to_clickhouse_sales_mart', 'extract_load_sales_mart', 'scheduled__2025-06-15T00:00:00+00:00', '--job-id', '74', '--raw', '--subdir', 'DAGS_FOLDER/from_postgre_to_click.py', '--cfg-path', '/tmp/tmpskpjlivu']
[2025-06-16T17:33:09.269+0000] {standard_task_runner.py:105} INFO - Job 74: Subtask extract_load_sales_mart
[2025-06-16T17:33:09.319+0000] {task_command.py:467} INFO - Running <TaskInstance: pg_to_clickhouse_sales_mart.extract_load_sales_mart scheduled__2025-06-15T00:00:00+00:00 [running]> on host 19a85dc332e9
[2025-06-16T17:33:09.391+0000] {taskinstance.py:3134} INFO - Exporting env vars: AIRFLOW_CTX_DAG_OWNER='***' AIRFLOW_CTX_DAG_ID='pg_to_clickhouse_sales_mart' AIRFLOW_CTX_TASK_ID='extract_load_sales_mart' AIRFLOW_CTX_EXECUTION_DATE='2025-06-15T00:00:00+00:00' AIRFLOW_CTX_TRY_NUMBER='2' AIRFLOW_CTX_DAG_RUN_ID='scheduled__2025-06-15T00:00:00+00:00'
[2025-06-16T17:33:09.392+0000] {taskinstance.py:732} INFO - ::endgroup::
[2025-06-16T17:33:09.402+0000] {crypto.py:82} WARNING - empty cryptography key - values will not be stored encrypted.
[2025-06-16T17:33:09.402+0000] {base.py:84} INFO - Retrieving connection 'dwh_***'
[2025-06-16T17:33:09.407+0000] {sql.py:511} INFO - Running statement: 
SELECT 
  s.invoice_id,
  s.datetime,
  c.city_name,
  b.branch,
  p.product_line,
  p.product_price,
  cu.gender AS customer_gender,
  cu.type AS customer_type,
  pm.method_name AS payment_method,
  s.quantity,
  s.tax,
  s.total,
  s.cogs,
  s.margin_percentage,
  s.gross_income,
  s.rating
FROM diplom.sales s
JOIN diplom.branch b ON s.branch_id = b.branch_id
JOIN diplom.city c ON b.city_id = c.city_id
JOIN diplom.product p ON s.product_id = p.product_id
JOIN diplom.customer cu ON s.customer_id = cu.customer_id
JOIN diplom.payment_method pm ON s.payment_method_id = pm.payment_method_id;
, parameters: None
[2025-06-16T17:33:09.412+0000] {sql.py:520} INFO - Rows affected: 1000
[2025-06-16T17:33:09.413+0000] {warnings.py:112} WARNING - /home/***/.local/lib/python3.12/site-packages/***/providers/common/sql/hooks/sql.py:470: DeprecationWarning: Import of fetch_all_handler from the '***.providers.common.sql.hooks' module is deprecated and will
be removed in the future. Please import it from '***.providers.common.sql.hooks.handlers'.
  result = self._make_common_data_structure(handler(cur))

[2025-06-16T17:33:09.418+0000] {warnings.py:112} WARNING - /home/***/.local/lib/python3.12/site-packages/***/providers/common/sql/hooks/sql.py:471: DeprecationWarning: Import of return_single_query_results from the '***.providers.common.sql.hooks' module is deprecated and will
be removed in the future. Please import it from '***.providers.common.sql.hooks.handlers'.
  if return_single_query_results(sql, return_last, split_statements):

[2025-06-16T17:33:09.419+0000] {warnings.py:112} WARNING - /home/***/.local/lib/python3.12/site-packages/***/providers/common/sql/hooks/sql.py:486: DeprecationWarning: Import of return_single_query_results from the '***.providers.common.sql.hooks' module is deprecated and will
be removed in the future. Please import it from '***.providers.common.sql.hooks.handlers'.
  if return_single_query_results(sql, return_last, split_statements):

[2025-06-16T17:33:09.445+0000] {python.py:240} INFO - Done. Returned value was: None
[2025-06-16T17:33:09.455+0000] {taskinstance.py:341} INFO - ::group::Post task execution logs
[2025-06-16T17:33:09.456+0000] {taskinstance.py:353} INFO - Marking task as SUCCESS. dag_id=pg_to_clickhouse_sales_mart, task_id=extract_load_sales_mart, run_id=scheduled__2025-06-15T00:00:00+00:00, execution_date=20250615T000000, start_date=20250616T173309, end_date=20250616T173309
[2025-06-16T17:33:09.482+0000] {local_task_job_runner.py:266} INFO - Task exited with return code 0
[2025-06-16T17:33:09.496+0000] {taskinstance.py:3901} INFO - 0 downstream tasks scheduled from follow-on schedule check
[2025-06-16T17:33:09.498+0000] {local_task_job_runner.py:245} INFO - ::endgroup::
